<?xml version="1.0" encoding="UTF-8"?>
<testsuite name="tourGuide.service.TrackerServiceTest" tests="5" skipped="0" failures="0" errors="0" timestamp="2022-02-08T17:07:07" hostname="L1906741" time="0.123">
  <properties/>
  <testcase name="should_not_find_any_location_history" classname="tourGuide.service.TrackerServiceTest" time="0.018"/>
  <testcase name="should_return_all_known_locations" classname="tourGuide.service.TrackerServiceTest" time="0.017"/>
  <testcase name="getUserLocation_empty_visitedLocation_case" classname="tourGuide.service.TrackerServiceTest" time="0.035"/>
  <testcase name="getUserLocation_not_empty_visitedLocations_case" classname="tourGuide.service.TrackerServiceTest" time="0.008"/>
  <testcase name="should_trackUserLocation_ok" classname="tourGuide.service.TrackerServiceTest" time="0.019"/>
  <system-out><![CDATA[18:07:07.009 [Test worker] DEBUG org.springframework.test.context.junit4.SpringJUnit4ClassRunner - SpringJUnit4ClassRunner constructor called with [class tourGuide.service.TrackerServiceTest]
18:07:07.009 [Test worker] DEBUG org.springframework.test.context.BootstrapUtils - Instantiating CacheAwareContextLoaderDelegate from class [org.springframework.test.context.cache.DefaultCacheAwareContextLoaderDelegate]
18:07:07.009 [Test worker] DEBUG org.springframework.test.context.BootstrapUtils - Instantiating BootstrapContext using constructor [public org.springframework.test.context.support.DefaultBootstrapContext(java.lang.Class,org.springframework.test.context.CacheAwareContextLoaderDelegate)]
18:07:07.010 [Test worker] DEBUG org.springframework.test.context.BootstrapUtils - Instantiating TestContextBootstrapper for test class [tourGuide.service.TrackerServiceTest] from class [org.springframework.test.context.support.DefaultTestContextBootstrapper]
18:07:07.010 [Test worker] INFO org.springframework.test.context.support.DefaultTestContextBootstrapper - Neither @ContextConfiguration nor @ContextHierarchy found for test class [tourGuide.service.TrackerServiceTest], using DelegatingSmartContextLoader
18:07:07.011 [Test worker] DEBUG org.springframework.test.context.support.AbstractDelegatingSmartContextLoader - Delegating to GenericXmlContextLoader to process context configuration [ContextConfigurationAttributes@3b928a19 declaringClass = 'tourGuide.service.TrackerServiceTest', classes = '{}', locations = '{}', inheritLocations = false, initializers = '{}', inheritInitializers = true, name = [null], contextLoaderClass = 'org.springframework.test.context.ContextLoader'].
18:07:07.012 [Test worker] DEBUG org.springframework.test.context.support.AbstractContextLoader - Did not detect default resource location for test class [tourGuide.service.TrackerServiceTest]: class path resource [tourGuide/service/TrackerServiceTest-context.xml] does not exist
18:07:07.013 [Test worker] INFO org.springframework.test.context.support.AbstractContextLoader - Could not detect default resource locations for test class [tourGuide.service.TrackerServiceTest]: no resource found for suffixes {-context.xml}.
18:07:07.013 [Test worker] DEBUG org.springframework.test.context.support.AbstractDelegatingSmartContextLoader - Delegating to AnnotationConfigContextLoader to process context configuration [ContextConfigurationAttributes@3b928a19 declaringClass = 'tourGuide.service.TrackerServiceTest', classes = '{}', locations = '{}', inheritLocations = false, initializers = '{}', inheritInitializers = true, name = [null], contextLoaderClass = 'org.springframework.test.context.ContextLoader'].
18:07:07.013 [Test worker] INFO org.springframework.test.context.support.AnnotationConfigContextLoaderUtils - Could not detect default configuration classes for test class [tourGuide.service.TrackerServiceTest]: TrackerServiceTest does not declare any static, non-private, non-final, nested classes annotated with @Configuration.
18:07:07.016 [Test worker] DEBUG org.springframework.test.context.support.ActiveProfilesUtils - Could not find an 'annotation declaring class' for annotation type [org.springframework.test.context.ActiveProfiles] and class [tourGuide.service.TrackerServiceTest]
18:07:07.017 [Test worker] DEBUG org.springframework.test.context.support.DefaultTestContextBootstrapper - @TestExecutionListeners is not present for class [tourGuide.service.TrackerServiceTest]: using defaults.
18:07:07.017 [Test worker] INFO org.springframework.test.context.support.DefaultTestContextBootstrapper - Loaded default TestExecutionListener class names from location [META-INF/spring.factories]: [org.springframework.boot.test.autoconfigure.restdocs.RestDocsTestExecutionListener, org.springframework.boot.test.autoconfigure.web.client.MockRestServiceServerResetTestExecutionListener, org.springframework.boot.test.autoconfigure.web.servlet.MockMvcPrintOnlyOnFailureTestExecutionListener, org.springframework.boot.test.autoconfigure.web.servlet.WebDriverTestExecutionListener, org.springframework.boot.test.mock.mockito.MockitoTestExecutionListener, org.springframework.boot.test.mock.mockito.ResetMocksTestExecutionListener, org.springframework.test.context.web.ServletTestExecutionListener, org.springframework.test.context.support.DirtiesContextBeforeModesTestExecutionListener, org.springframework.test.context.support.DependencyInjectionTestExecutionListener, org.springframework.test.context.support.DirtiesContextTestExecutionListener, org.springframework.test.context.transaction.TransactionalTestExecutionListener, org.springframework.test.context.jdbc.SqlScriptsTestExecutionListener]
18:07:07.019 [Test worker] DEBUG org.springframework.test.context.support.DefaultTestContextBootstrapper - Skipping candidate TestExecutionListener [org.springframework.test.context.transaction.TransactionalTestExecutionListener] due to a missing dependency. Specify custom listener classes or make the default listener classes and their required dependencies available. Offending class: [org/springframework/transaction/interceptor/TransactionAttributeSource]
18:07:07.020 [Test worker] DEBUG org.springframework.test.context.support.DefaultTestContextBootstrapper - Skipping candidate TestExecutionListener [org.springframework.test.context.jdbc.SqlScriptsTestExecutionListener] due to a missing dependency. Specify custom listener classes or make the default listener classes and their required dependencies available. Offending class: [org/springframework/transaction/interceptor/TransactionAttribute]
18:07:07.021 [Test worker] INFO org.springframework.test.context.support.DefaultTestContextBootstrapper - Using TestExecutionListeners: [org.springframework.test.context.web.ServletTestExecutionListener@4584e93b, org.springframework.test.context.support.DirtiesContextBeforeModesTestExecutionListener@d069dea, org.springframework.boot.test.mock.mockito.MockitoTestExecutionListener@1737cf34, org.springframework.test.context.support.DependencyInjectionTestExecutionListener@38da5d89, org.springframework.test.context.support.DirtiesContextTestExecutionListener@5a75b698, org.springframework.boot.test.autoconfigure.restdocs.RestDocsTestExecutionListener@63a589f1, org.springframework.boot.test.autoconfigure.web.client.MockRestServiceServerResetTestExecutionListener@4ac2b4de, org.springframework.boot.test.autoconfigure.web.servlet.MockMvcPrintOnlyOnFailureTestExecutionListener@209e8e1a, org.springframework.boot.test.autoconfigure.web.servlet.WebDriverTestExecutionListener@57282de7, org.springframework.boot.test.mock.mockito.ResetMocksTestExecutionListener@180ddcf2]
18:07:07.021 [Test worker] DEBUG org.springframework.test.annotation.ProfileValueUtils - Retrieved @ProfileValueSourceConfiguration [null] for test class [tourGuide.service.TrackerServiceTest]
18:07:07.021 [Test worker] DEBUG org.springframework.test.annotation.ProfileValueUtils - Retrieved ProfileValueSource type [class org.springframework.test.annotation.SystemProfileValueSource] for class [tourGuide.service.TrackerServiceTest]
18:07:07.021 [Test worker] DEBUG org.springframework.test.annotation.ProfileValueUtils - Retrieved @ProfileValueSourceConfiguration [null] for test class [tourGuide.service.TrackerServiceTest]
18:07:07.022 [Test worker] DEBUG org.springframework.test.annotation.ProfileValueUtils - Retrieved ProfileValueSource type [class org.springframework.test.annotation.SystemProfileValueSource] for class [tourGuide.service.TrackerServiceTest]
18:07:07.023 [Test worker] DEBUG org.springframework.test.context.support.AbstractDirtiesContextTestExecutionListener - Before test class: context [DefaultTestContext@47b6ff69 testClass = TrackerServiceTest, testInstance = [null], testMethod = [null], testException = [null], mergedContextConfiguration = [MergedContextConfiguration@130c57db testClass = TrackerServiceTest, locations = '{}', classes = '{}', contextInitializerClasses = '[]', activeProfiles = '{}', propertySourceLocations = '{}', propertySourceProperties = '{}', contextCustomizers = set[org.springframework.boot.test.autoconfigure.properties.PropertyMappingContextCustomizer@0, org.springframework.boot.test.autoconfigure.web.servlet.WebDriverContextCustomizerFactory$Customizer@5d7a61b4, org.springframework.boot.test.context.filter.ExcludeFilterContextCustomizer@eff73f, org.springframework.boot.test.json.DuplicateJsonObjectContextCustomizerFactory$DuplicateJsonObjectContextCustomizer@33e9efa6, org.springframework.boot.test.mock.mockito.MockitoContextCustomizer@0], contextLoader = 'org.springframework.test.context.support.DelegatingSmartContextLoader', parent = [null]], attributes = map[[empty]]], class annotated with @DirtiesContext [false] with mode [null].
18:07:07.023 [Test worker] DEBUG org.springframework.test.annotation.ProfileValueUtils - Retrieved @ProfileValueSourceConfiguration [null] for test class [tourGuide.service.TrackerServiceTest]
18:07:07.023 [Test worker] DEBUG org.springframework.test.annotation.ProfileValueUtils - Retrieved ProfileValueSource type [class org.springframework.test.annotation.SystemProfileValueSource] for class [tourGuide.service.TrackerServiceTest]
18:07:07.025 [Test worker] DEBUG org.springframework.test.context.support.DependencyInjectionTestExecutionListener - Performing dependency injection for test context [[DefaultTestContext@47b6ff69 testClass = TrackerServiceTest, testInstance = tourGuide.service.TrackerServiceTest@7341b14d, testMethod = [null], testException = [null], mergedContextConfiguration = [MergedContextConfiguration@130c57db testClass = TrackerServiceTest, locations = '{}', classes = '{}', contextInitializerClasses = '[]', activeProfiles = '{}', propertySourceLocations = '{}', propertySourceProperties = '{}', contextCustomizers = set[org.springframework.boot.test.autoconfigure.properties.PropertyMappingContextCustomizer@0, org.springframework.boot.test.autoconfigure.web.servlet.WebDriverContextCustomizerFactory$Customizer@5d7a61b4, org.springframework.boot.test.context.filter.ExcludeFilterContextCustomizer@eff73f, org.springframework.boot.test.json.DuplicateJsonObjectContextCustomizerFactory$DuplicateJsonObjectContextCustomizer@33e9efa6, org.springframework.boot.test.mock.mockito.MockitoContextCustomizer@0], contextLoader = 'org.springframework.test.context.support.DelegatingSmartContextLoader', parent = [null]], attributes = map[[empty]]]].
18:07:07.026 [Test worker] DEBUG org.springframework.test.context.cache.DefaultCacheAwareContextLoaderDelegate - Retrieved ApplicationContext from cache with key [[MergedContextConfiguration@130c57db testClass = TrackerServiceTest, locations = '{}', classes = '{}', contextInitializerClasses = '[]', activeProfiles = '{}', propertySourceLocations = '{}', propertySourceProperties = '{}', contextCustomizers = set[org.springframework.boot.test.autoconfigure.properties.PropertyMappingContextCustomizer@0, org.springframework.boot.test.autoconfigure.web.servlet.WebDriverContextCustomizerFactory$Customizer@5d7a61b4, org.springframework.boot.test.context.filter.ExcludeFilterContextCustomizer@eff73f, org.springframework.boot.test.json.DuplicateJsonObjectContextCustomizerFactory$DuplicateJsonObjectContextCustomizer@33e9efa6, org.springframework.boot.test.mock.mockito.MockitoContextCustomizer@0], contextLoader = 'org.springframework.test.context.support.DelegatingSmartContextLoader', parent = [null]]]
18:07:07.026 [Test worker] DEBUG org.springframework.test.context.cache - Spring test ApplicationContext cache statistics: [DefaultContextCache@772adaca size = 1, maxSize = 32, parentContextCount = 0, hitCount = 35, missCount = 1]
18:07:07.034 [Test worker] DEBUG org.springframework.test.context.support.AbstractDirtiesContextTestExecutionListener - Before test method: context [DefaultTestContext@47b6ff69 testClass = TrackerServiceTest, testInstance = tourGuide.service.TrackerServiceTest@7341b14d, testMethod = should_not_find_any_location_history@TrackerServiceTest, testException = [null], mergedContextConfiguration = [MergedContextConfiguration@130c57db testClass = TrackerServiceTest, locations = '{}', classes = '{}', contextInitializerClasses = '[]', activeProfiles = '{}', propertySourceLocations = '{}', propertySourceProperties = '{}', contextCustomizers = set[org.springframework.boot.test.autoconfigure.properties.PropertyMappingContextCustomizer@0, org.springframework.boot.test.autoconfigure.web.servlet.WebDriverContextCustomizerFactory$Customizer@5d7a61b4, org.springframework.boot.test.context.filter.ExcludeFilterContextCustomizer@eff73f, org.springframework.boot.test.json.DuplicateJsonObjectContextCustomizerFactory$DuplicateJsonObjectContextCustomizer@33e9efa6, org.springframework.boot.test.mock.mockito.MockitoContextCustomizer@0], contextLoader = 'org.springframework.test.context.support.DelegatingSmartContextLoader', parent = [null]], attributes = map[[empty]]], class annotated with @DirtiesContext [false] with mode [null], method annotated with @DirtiesContext [false] with mode [null].
18:07:07.036 [Test worker] DEBUG org.springframework.test.context.cache.DefaultCacheAwareContextLoaderDelegate - Retrieved ApplicationContext from cache with key [[MergedContextConfiguration@130c57db testClass = TrackerServiceTest, locations = '{}', classes = '{}', contextInitializerClasses = '[]', activeProfiles = '{}', propertySourceLocations = '{}', propertySourceProperties = '{}', contextCustomizers = set[org.springframework.boot.test.autoconfigure.properties.PropertyMappingContextCustomizer@0, org.springframework.boot.test.autoconfigure.web.servlet.WebDriverContextCustomizerFactory$Customizer@5d7a61b4, org.springframework.boot.test.context.filter.ExcludeFilterContextCustomizer@eff73f, org.springframework.boot.test.json.DuplicateJsonObjectContextCustomizerFactory$DuplicateJsonObjectContextCustomizer@33e9efa6, org.springframework.boot.test.mock.mockito.MockitoContextCustomizer@0], contextLoader = 'org.springframework.test.context.support.DelegatingSmartContextLoader', parent = [null]]]
18:07:07.037 [Test worker] DEBUG org.springframework.test.context.cache - Spring test ApplicationContext cache statistics: [DefaultContextCache@772adaca size = 1, maxSize = 32, parentContextCount = 0, hitCount = 36, missCount = 1]
18:07:07.037 [Test worker] INFO tourGuide.data.InternalDataHelper - Initializing users
18:07:07.038 [Test worker] DEBUG tourGuide.data.InternalDataHelper - Created 2 internal test users.
18:07:07.038 [Test worker] DEBUG tourGuide.data.InternalDataHelper - Finished initializing users
18:07:07.044 [Test worker] ERROR tourGuide.service.TrackerService - No visited location found
18:07:07.046 [Test worker] DEBUG org.springframework.test.context.cache.DefaultCacheAwareContextLoaderDelegate - Retrieved ApplicationContext from cache with key [[MergedContextConfiguration@130c57db testClass = TrackerServiceTest, locations = '{}', classes = '{}', contextInitializerClasses = '[]', activeProfiles = '{}', propertySourceLocations = '{}', propertySourceProperties = '{}', contextCustomizers = set[org.springframework.boot.test.autoconfigure.properties.PropertyMappingContextCustomizer@0, org.springframework.boot.test.autoconfigure.web.servlet.WebDriverContextCustomizerFactory$Customizer@5d7a61b4, org.springframework.boot.test.context.filter.ExcludeFilterContextCustomizer@eff73f, org.springframework.boot.test.json.DuplicateJsonObjectContextCustomizerFactory$DuplicateJsonObjectContextCustomizer@33e9efa6, org.springframework.boot.test.mock.mockito.MockitoContextCustomizer@0], contextLoader = 'org.springframework.test.context.support.DelegatingSmartContextLoader', parent = [null]]]
18:07:07.046 [Test worker] DEBUG org.springframework.test.context.cache - Spring test ApplicationContext cache statistics: [DefaultContextCache@772adaca size = 1, maxSize = 32, parentContextCount = 0, hitCount = 37, missCount = 1]
18:07:07.047 [Test worker] DEBUG org.springframework.test.context.cache.DefaultCacheAwareContextLoaderDelegate - Retrieved ApplicationContext from cache with key [[MergedContextConfiguration@130c57db testClass = TrackerServiceTest, locations = '{}', classes = '{}', contextInitializerClasses = '[]', activeProfiles = '{}', propertySourceLocations = '{}', propertySourceProperties = '{}', contextCustomizers = set[org.springframework.boot.test.autoconfigure.properties.PropertyMappingContextCustomizer@0, org.springframework.boot.test.autoconfigure.web.servlet.WebDriverContextCustomizerFactory$Customizer@5d7a61b4, org.springframework.boot.test.context.filter.ExcludeFilterContextCustomizer@eff73f, org.springframework.boot.test.json.DuplicateJsonObjectContextCustomizerFactory$DuplicateJsonObjectContextCustomizer@33e9efa6, org.springframework.boot.test.mock.mockito.MockitoContextCustomizer@0], contextLoader = 'org.springframework.test.context.support.DelegatingSmartContextLoader', parent = [null]]]
18:07:07.048 [Test worker] DEBUG org.springframework.test.context.cache - Spring test ApplicationContext cache statistics: [DefaultContextCache@772adaca size = 1, maxSize = 32, parentContextCount = 0, hitCount = 38, missCount = 1]
18:07:07.049 [Test worker] DEBUG org.springframework.test.context.cache.DefaultCacheAwareContextLoaderDelegate - Retrieved ApplicationContext from cache with key [[MergedContextConfiguration@130c57db testClass = TrackerServiceTest, locations = '{}', classes = '{}', contextInitializerClasses = '[]', activeProfiles = '{}', propertySourceLocations = '{}', propertySourceProperties = '{}', contextCustomizers = set[org.springframework.boot.test.autoconfigure.properties.PropertyMappingContextCustomizer@0, org.springframework.boot.test.autoconfigure.web.servlet.WebDriverContextCustomizerFactory$Customizer@5d7a61b4, org.springframework.boot.test.context.filter.ExcludeFilterContextCustomizer@eff73f, org.springframework.boot.test.json.DuplicateJsonObjectContextCustomizerFactory$DuplicateJsonObjectContextCustomizer@33e9efa6, org.springframework.boot.test.mock.mockito.MockitoContextCustomizer@0], contextLoader = 'org.springframework.test.context.support.DelegatingSmartContextLoader', parent = [null]]]
18:07:07.049 [Test worker] DEBUG org.springframework.test.context.cache - Spring test ApplicationContext cache statistics: [DefaultContextCache@772adaca size = 1, maxSize = 32, parentContextCount = 0, hitCount = 39, missCount = 1]
18:07:07.052 [Test worker] DEBUG org.springframework.test.context.support.AbstractDirtiesContextTestExecutionListener - After test method: context [DefaultTestContext@47b6ff69 testClass = TrackerServiceTest, testInstance = tourGuide.service.TrackerServiceTest@7341b14d, testMethod = should_not_find_any_location_history@TrackerServiceTest, testException = [null], mergedContextConfiguration = [MergedContextConfiguration@130c57db testClass = TrackerServiceTest, locations = '{}', classes = '{}', contextInitializerClasses = '[]', activeProfiles = '{}', propertySourceLocations = '{}', propertySourceProperties = '{}', contextCustomizers = set[org.springframework.boot.test.autoconfigure.properties.PropertyMappingContextCustomizer@0, org.springframework.boot.test.autoconfigure.web.servlet.WebDriverContextCustomizerFactory$Customizer@5d7a61b4, org.springframework.boot.test.context.filter.ExcludeFilterContextCustomizer@eff73f, org.springframework.boot.test.json.DuplicateJsonObjectContextCustomizerFactory$DuplicateJsonObjectContextCustomizer@33e9efa6, org.springframework.boot.test.mock.mockito.MockitoContextCustomizer@0], contextLoader = 'org.springframework.test.context.support.DelegatingSmartContextLoader', parent = [null]], attributes = map[[empty]]], class annotated with @DirtiesContext [false] with mode [null], method annotated with @DirtiesContext [false] with mode [null].
18:07:07.052 [Test worker] DEBUG org.springframework.test.annotation.ProfileValueUtils - Retrieved @ProfileValueSourceConfiguration [null] for test class [tourGuide.service.TrackerServiceTest]
18:07:07.053 [Test worker] DEBUG org.springframework.test.annotation.ProfileValueUtils - Retrieved ProfileValueSource type [class org.springframework.test.annotation.SystemProfileValueSource] for class [tourGuide.service.TrackerServiceTest]
18:07:07.055 [Test worker] DEBUG org.springframework.test.context.support.DependencyInjectionTestExecutionListener - Performing dependency injection for test context [[DefaultTestContext@47b6ff69 testClass = TrackerServiceTest, testInstance = tourGuide.service.TrackerServiceTest@525aa319, testMethod = [null], testException = [null], mergedContextConfiguration = [MergedContextConfiguration@130c57db testClass = TrackerServiceTest, locations = '{}', classes = '{}', contextInitializerClasses = '[]', activeProfiles = '{}', propertySourceLocations = '{}', propertySourceProperties = '{}', contextCustomizers = set[org.springframework.boot.test.autoconfigure.properties.PropertyMappingContextCustomizer@0, org.springframework.boot.test.autoconfigure.web.servlet.WebDriverContextCustomizerFactory$Customizer@5d7a61b4, org.springframework.boot.test.context.filter.ExcludeFilterContextCustomizer@eff73f, org.springframework.boot.test.json.DuplicateJsonObjectContextCustomizerFactory$DuplicateJsonObjectContextCustomizer@33e9efa6, org.springframework.boot.test.mock.mockito.MockitoContextCustomizer@0], contextLoader = 'org.springframework.test.context.support.DelegatingSmartContextLoader', parent = [null]], attributes = map[[empty]]]].
18:07:07.056 [Test worker] DEBUG org.springframework.test.context.cache.DefaultCacheAwareContextLoaderDelegate - Retrieved ApplicationContext from cache with key [[MergedContextConfiguration@130c57db testClass = TrackerServiceTest, locations = '{}', classes = '{}', contextInitializerClasses = '[]', activeProfiles = '{}', propertySourceLocations = '{}', propertySourceProperties = '{}', contextCustomizers = set[org.springframework.boot.test.autoconfigure.properties.PropertyMappingContextCustomizer@0, org.springframework.boot.test.autoconfigure.web.servlet.WebDriverContextCustomizerFactory$Customizer@5d7a61b4, org.springframework.boot.test.context.filter.ExcludeFilterContextCustomizer@eff73f, org.springframework.boot.test.json.DuplicateJsonObjectContextCustomizerFactory$DuplicateJsonObjectContextCustomizer@33e9efa6, org.springframework.boot.test.mock.mockito.MockitoContextCustomizer@0], contextLoader = 'org.springframework.test.context.support.DelegatingSmartContextLoader', parent = [null]]]
18:07:07.056 [Test worker] DEBUG org.springframework.test.context.cache - Spring test ApplicationContext cache statistics: [DefaultContextCache@772adaca size = 1, maxSize = 32, parentContextCount = 0, hitCount = 40, missCount = 1]
18:07:07.059 [Test worker] DEBUG org.springframework.test.context.support.AbstractDirtiesContextTestExecutionListener - Before test method: context [DefaultTestContext@47b6ff69 testClass = TrackerServiceTest, testInstance = tourGuide.service.TrackerServiceTest@525aa319, testMethod = should_return_all_known_locations@TrackerServiceTest, testException = [null], mergedContextConfiguration = [MergedContextConfiguration@130c57db testClass = TrackerServiceTest, locations = '{}', classes = '{}', contextInitializerClasses = '[]', activeProfiles = '{}', propertySourceLocations = '{}', propertySourceProperties = '{}', contextCustomizers = set[org.springframework.boot.test.autoconfigure.properties.PropertyMappingContextCustomizer@0, org.springframework.boot.test.autoconfigure.web.servlet.WebDriverContextCustomizerFactory$Customizer@5d7a61b4, org.springframework.boot.test.context.filter.ExcludeFilterContextCustomizer@eff73f, org.springframework.boot.test.json.DuplicateJsonObjectContextCustomizerFactory$DuplicateJsonObjectContextCustomizer@33e9efa6, org.springframework.boot.test.mock.mockito.MockitoContextCustomizer@0], contextLoader = 'org.springframework.test.context.support.DelegatingSmartContextLoader', parent = [null]], attributes = map[[empty]]], class annotated with @DirtiesContext [false] with mode [null], method annotated with @DirtiesContext [false] with mode [null].
18:07:07.061 [Test worker] DEBUG org.springframework.test.context.cache.DefaultCacheAwareContextLoaderDelegate - Retrieved ApplicationContext from cache with key [[MergedContextConfiguration@130c57db testClass = TrackerServiceTest, locations = '{}', classes = '{}', contextInitializerClasses = '[]', activeProfiles = '{}', propertySourceLocations = '{}', propertySourceProperties = '{}', contextCustomizers = set[org.springframework.boot.test.autoconfigure.properties.PropertyMappingContextCustomizer@0, org.springframework.boot.test.autoconfigure.web.servlet.WebDriverContextCustomizerFactory$Customizer@5d7a61b4, org.springframework.boot.test.context.filter.ExcludeFilterContextCustomizer@eff73f, org.springframework.boot.test.json.DuplicateJsonObjectContextCustomizerFactory$DuplicateJsonObjectContextCustomizer@33e9efa6, org.springframework.boot.test.mock.mockito.MockitoContextCustomizer@0], contextLoader = 'org.springframework.test.context.support.DelegatingSmartContextLoader', parent = [null]]]
18:07:07.061 [Test worker] DEBUG org.springframework.test.context.cache - Spring test ApplicationContext cache statistics: [DefaultContextCache@772adaca size = 1, maxSize = 32, parentContextCount = 0, hitCount = 41, missCount = 1]
18:07:07.062 [Test worker] INFO tourGuide.data.InternalDataHelper - Initializing users
18:07:07.063 [Test worker] DEBUG tourGuide.data.InternalDataHelper - Created 2 internal test users.
18:07:07.063 [Test worker] DEBUG tourGuide.data.InternalDataHelper - Finished initializing users
18:07:07.064 [Test worker] INFO tourGuide.service.TrackerService - Visited location(s) retrieved
18:07:07.067 [Test worker] DEBUG org.springframework.test.context.cache.DefaultCacheAwareContextLoaderDelegate - Retrieved ApplicationContext from cache with key [[MergedContextConfiguration@130c57db testClass = TrackerServiceTest, locations = '{}', classes = '{}', contextInitializerClasses = '[]', activeProfiles = '{}', propertySourceLocations = '{}', propertySourceProperties = '{}', contextCustomizers = set[org.springframework.boot.test.autoconfigure.properties.PropertyMappingContextCustomizer@0, org.springframework.boot.test.autoconfigure.web.servlet.WebDriverContextCustomizerFactory$Customizer@5d7a61b4, org.springframework.boot.test.context.filter.ExcludeFilterContextCustomizer@eff73f, org.springframework.boot.test.json.DuplicateJsonObjectContextCustomizerFactory$DuplicateJsonObjectContextCustomizer@33e9efa6, org.springframework.boot.test.mock.mockito.MockitoContextCustomizer@0], contextLoader = 'org.springframework.test.context.support.DelegatingSmartContextLoader', parent = [null]]]
18:07:07.067 [Test worker] DEBUG org.springframework.test.context.cache - Spring test ApplicationContext cache statistics: [DefaultContextCache@772adaca size = 1, maxSize = 32, parentContextCount = 0, hitCount = 42, missCount = 1]
18:07:07.068 [Test worker] DEBUG org.springframework.test.context.cache.DefaultCacheAwareContextLoaderDelegate - Retrieved ApplicationContext from cache with key [[MergedContextConfiguration@130c57db testClass = TrackerServiceTest, locations = '{}', classes = '{}', contextInitializerClasses = '[]', activeProfiles = '{}', propertySourceLocations = '{}', propertySourceProperties = '{}', contextCustomizers = set[org.springframework.boot.test.autoconfigure.properties.PropertyMappingContextCustomizer@0, org.springframework.boot.test.autoconfigure.web.servlet.WebDriverContextCustomizerFactory$Customizer@5d7a61b4, org.springframework.boot.test.context.filter.ExcludeFilterContextCustomizer@eff73f, org.springframework.boot.test.json.DuplicateJsonObjectContextCustomizerFactory$DuplicateJsonObjectContextCustomizer@33e9efa6, org.springframework.boot.test.mock.mockito.MockitoContextCustomizer@0], contextLoader = 'org.springframework.test.context.support.DelegatingSmartContextLoader', parent = [null]]]
18:07:07.068 [Test worker] DEBUG org.springframework.test.context.cache - Spring test ApplicationContext cache statistics: [DefaultContextCache@772adaca size = 1, maxSize = 32, parentContextCount = 0, hitCount = 43, missCount = 1]
18:07:07.069 [Test worker] DEBUG org.springframework.test.context.cache.DefaultCacheAwareContextLoaderDelegate - Retrieved ApplicationContext from cache with key [[MergedContextConfiguration@130c57db testClass = TrackerServiceTest, locations = '{}', classes = '{}', contextInitializerClasses = '[]', activeProfiles = '{}', propertySourceLocations = '{}', propertySourceProperties = '{}', contextCustomizers = set[org.springframework.boot.test.autoconfigure.properties.PropertyMappingContextCustomizer@0, org.springframework.boot.test.autoconfigure.web.servlet.WebDriverContextCustomizerFactory$Customizer@5d7a61b4, org.springframework.boot.test.context.filter.ExcludeFilterContextCustomizer@eff73f, org.springframework.boot.test.json.DuplicateJsonObjectContextCustomizerFactory$DuplicateJsonObjectContextCustomizer@33e9efa6, org.springframework.boot.test.mock.mockito.MockitoContextCustomizer@0], contextLoader = 'org.springframework.test.context.support.DelegatingSmartContextLoader', parent = [null]]]
18:07:07.069 [Test worker] DEBUG org.springframework.test.context.cache - Spring test ApplicationContext cache statistics: [DefaultContextCache@772adaca size = 1, maxSize = 32, parentContextCount = 0, hitCount = 44, missCount = 1]
18:07:07.075 [Test worker] DEBUG org.springframework.test.context.support.AbstractDirtiesContextTestExecutionListener - After test method: context [DefaultTestContext@47b6ff69 testClass = TrackerServiceTest, testInstance = tourGuide.service.TrackerServiceTest@525aa319, testMethod = should_return_all_known_locations@TrackerServiceTest, testException = [null], mergedContextConfiguration = [MergedContextConfiguration@130c57db testClass = TrackerServiceTest, locations = '{}', classes = '{}', contextInitializerClasses = '[]', activeProfiles = '{}', propertySourceLocations = '{}', propertySourceProperties = '{}', contextCustomizers = set[org.springframework.boot.test.autoconfigure.properties.PropertyMappingContextCustomizer@0, org.springframework.boot.test.autoconfigure.web.servlet.WebDriverContextCustomizerFactory$Customizer@5d7a61b4, org.springframework.boot.test.context.filter.ExcludeFilterContextCustomizer@eff73f, org.springframework.boot.test.json.DuplicateJsonObjectContextCustomizerFactory$DuplicateJsonObjectContextCustomizer@33e9efa6, org.springframework.boot.test.mock.mockito.MockitoContextCustomizer@0], contextLoader = 'org.springframework.test.context.support.DelegatingSmartContextLoader', parent = [null]], attributes = map[[empty]]], class annotated with @DirtiesContext [false] with mode [null], method annotated with @DirtiesContext [false] with mode [null].
18:07:07.076 [Test worker] DEBUG org.springframework.test.annotation.ProfileValueUtils - Retrieved @ProfileValueSourceConfiguration [null] for test class [tourGuide.service.TrackerServiceTest]
18:07:07.077 [Test worker] DEBUG org.springframework.test.annotation.ProfileValueUtils - Retrieved ProfileValueSource type [class org.springframework.test.annotation.SystemProfileValueSource] for class [tourGuide.service.TrackerServiceTest]
18:07:07.078 [Test worker] DEBUG org.springframework.test.context.support.DependencyInjectionTestExecutionListener - Performing dependency injection for test context [[DefaultTestContext@47b6ff69 testClass = TrackerServiceTest, testInstance = tourGuide.service.TrackerServiceTest@3804c5b6, testMethod = [null], testException = [null], mergedContextConfiguration = [MergedContextConfiguration@130c57db testClass = TrackerServiceTest, locations = '{}', classes = '{}', contextInitializerClasses = '[]', activeProfiles = '{}', propertySourceLocations = '{}', propertySourceProperties = '{}', contextCustomizers = set[org.springframework.boot.test.autoconfigure.properties.PropertyMappingContextCustomizer@0, org.springframework.boot.test.autoconfigure.web.servlet.WebDriverContextCustomizerFactory$Customizer@5d7a61b4, org.springframework.boot.test.context.filter.ExcludeFilterContextCustomizer@eff73f, org.springframework.boot.test.json.DuplicateJsonObjectContextCustomizerFactory$DuplicateJsonObjectContextCustomizer@33e9efa6, org.springframework.boot.test.mock.mockito.MockitoContextCustomizer@0], contextLoader = 'org.springframework.test.context.support.DelegatingSmartContextLoader', parent = [null]], attributes = map[[empty]]]].
18:07:07.078 [Test worker] DEBUG org.springframework.test.context.cache.DefaultCacheAwareContextLoaderDelegate - Retrieved ApplicationContext from cache with key [[MergedContextConfiguration@130c57db testClass = TrackerServiceTest, locations = '{}', classes = '{}', contextInitializerClasses = '[]', activeProfiles = '{}', propertySourceLocations = '{}', propertySourceProperties = '{}', contextCustomizers = set[org.springframework.boot.test.autoconfigure.properties.PropertyMappingContextCustomizer@0, org.springframework.boot.test.autoconfigure.web.servlet.WebDriverContextCustomizerFactory$Customizer@5d7a61b4, org.springframework.boot.test.context.filter.ExcludeFilterContextCustomizer@eff73f, org.springframework.boot.test.json.DuplicateJsonObjectContextCustomizerFactory$DuplicateJsonObjectContextCustomizer@33e9efa6, org.springframework.boot.test.mock.mockito.MockitoContextCustomizer@0], contextLoader = 'org.springframework.test.context.support.DelegatingSmartContextLoader', parent = [null]]]
18:07:07.079 [Test worker] DEBUG org.springframework.test.context.cache - Spring test ApplicationContext cache statistics: [DefaultContextCache@772adaca size = 1, maxSize = 32, parentContextCount = 0, hitCount = 45, missCount = 1]
18:07:07.080 [Test worker] DEBUG org.springframework.test.context.support.AbstractDirtiesContextTestExecutionListener - Before test method: context [DefaultTestContext@47b6ff69 testClass = TrackerServiceTest, testInstance = tourGuide.service.TrackerServiceTest@3804c5b6, testMethod = getUserLocation_empty_visitedLocation_case@TrackerServiceTest, testException = [null], mergedContextConfiguration = [MergedContextConfiguration@130c57db testClass = TrackerServiceTest, locations = '{}', classes = '{}', contextInitializerClasses = '[]', activeProfiles = '{}', propertySourceLocations = '{}', propertySourceProperties = '{}', contextCustomizers = set[org.springframework.boot.test.autoconfigure.properties.PropertyMappingContextCustomizer@0, org.springframework.boot.test.autoconfigure.web.servlet.WebDriverContextCustomizerFactory$Customizer@5d7a61b4, org.springframework.boot.test.context.filter.ExcludeFilterContextCustomizer@eff73f, org.springframework.boot.test.json.DuplicateJsonObjectContextCustomizerFactory$DuplicateJsonObjectContextCustomizer@33e9efa6, org.springframework.boot.test.mock.mockito.MockitoContextCustomizer@0], contextLoader = 'org.springframework.test.context.support.DelegatingSmartContextLoader', parent = [null]], attributes = map[[empty]]], class annotated with @DirtiesContext [false] with mode [null], method annotated with @DirtiesContext [false] with mode [null].
18:07:07.081 [Test worker] DEBUG org.springframework.test.context.cache.DefaultCacheAwareContextLoaderDelegate - Retrieved ApplicationContext from cache with key [[MergedContextConfiguration@130c57db testClass = TrackerServiceTest, locations = '{}', classes = '{}', contextInitializerClasses = '[]', activeProfiles = '{}', propertySourceLocations = '{}', propertySourceProperties = '{}', contextCustomizers = set[org.springframework.boot.test.autoconfigure.properties.PropertyMappingContextCustomizer@0, org.springframework.boot.test.autoconfigure.web.servlet.WebDriverContextCustomizerFactory$Customizer@5d7a61b4, org.springframework.boot.test.context.filter.ExcludeFilterContextCustomizer@eff73f, org.springframework.boot.test.json.DuplicateJsonObjectContextCustomizerFactory$DuplicateJsonObjectContextCustomizer@33e9efa6, org.springframework.boot.test.mock.mockito.MockitoContextCustomizer@0], contextLoader = 'org.springframework.test.context.support.DelegatingSmartContextLoader', parent = [null]]]
18:07:07.082 [Test worker] DEBUG org.springframework.test.context.cache - Spring test ApplicationContext cache statistics: [DefaultContextCache@772adaca size = 1, maxSize = 32, parentContextCount = 0, hitCount = 46, missCount = 1]
18:07:07.083 [Test worker] INFO tourGuide.service.TrackerService - Get User Location
18:07:07.109 [Test worker] DEBUG org.springframework.test.context.cache.DefaultCacheAwareContextLoaderDelegate - Retrieved ApplicationContext from cache with key [[MergedContextConfiguration@130c57db testClass = TrackerServiceTest, locations = '{}', classes = '{}', contextInitializerClasses = '[]', activeProfiles = '{}', propertySourceLocations = '{}', propertySourceProperties = '{}', contextCustomizers = set[org.springframework.boot.test.autoconfigure.properties.PropertyMappingContextCustomizer@0, org.springframework.boot.test.autoconfigure.web.servlet.WebDriverContextCustomizerFactory$Customizer@5d7a61b4, org.springframework.boot.test.context.filter.ExcludeFilterContextCustomizer@eff73f, org.springframework.boot.test.json.DuplicateJsonObjectContextCustomizerFactory$DuplicateJsonObjectContextCustomizer@33e9efa6, org.springframework.boot.test.mock.mockito.MockitoContextCustomizer@0], contextLoader = 'org.springframework.test.context.support.DelegatingSmartContextLoader', parent = [null]]]
18:07:07.110 [Test worker] DEBUG org.springframework.test.context.cache - Spring test ApplicationContext cache statistics: [DefaultContextCache@772adaca size = 1, maxSize = 32, parentContextCount = 0, hitCount = 47, missCount = 1]
18:07:07.110 [Test worker] DEBUG org.springframework.test.context.cache.DefaultCacheAwareContextLoaderDelegate - Retrieved ApplicationContext from cache with key [[MergedContextConfiguration@130c57db testClass = TrackerServiceTest, locations = '{}', classes = '{}', contextInitializerClasses = '[]', activeProfiles = '{}', propertySourceLocations = '{}', propertySourceProperties = '{}', contextCustomizers = set[org.springframework.boot.test.autoconfigure.properties.PropertyMappingContextCustomizer@0, org.springframework.boot.test.autoconfigure.web.servlet.WebDriverContextCustomizerFactory$Customizer@5d7a61b4, org.springframework.boot.test.context.filter.ExcludeFilterContextCustomizer@eff73f, org.springframework.boot.test.json.DuplicateJsonObjectContextCustomizerFactory$DuplicateJsonObjectContextCustomizer@33e9efa6, org.springframework.boot.test.mock.mockito.MockitoContextCustomizer@0], contextLoader = 'org.springframework.test.context.support.DelegatingSmartContextLoader', parent = [null]]]
18:07:07.111 [Test worker] DEBUG org.springframework.test.context.cache - Spring test ApplicationContext cache statistics: [DefaultContextCache@772adaca size = 1, maxSize = 32, parentContextCount = 0, hitCount = 48, missCount = 1]
18:07:07.112 [Test worker] DEBUG org.springframework.test.context.cache.DefaultCacheAwareContextLoaderDelegate - Retrieved ApplicationContext from cache with key [[MergedContextConfiguration@130c57db testClass = TrackerServiceTest, locations = '{}', classes = '{}', contextInitializerClasses = '[]', activeProfiles = '{}', propertySourceLocations = '{}', propertySourceProperties = '{}', contextCustomizers = set[org.springframework.boot.test.autoconfigure.properties.PropertyMappingContextCustomizer@0, org.springframework.boot.test.autoconfigure.web.servlet.WebDriverContextCustomizerFactory$Customizer@5d7a61b4, org.springframework.boot.test.context.filter.ExcludeFilterContextCustomizer@eff73f, org.springframework.boot.test.json.DuplicateJsonObjectContextCustomizerFactory$DuplicateJsonObjectContextCustomizer@33e9efa6, org.springframework.boot.test.mock.mockito.MockitoContextCustomizer@0], contextLoader = 'org.springframework.test.context.support.DelegatingSmartContextLoader', parent = [null]]]
18:07:07.112 [Test worker] DEBUG org.springframework.test.context.cache - Spring test ApplicationContext cache statistics: [DefaultContextCache@772adaca size = 1, maxSize = 32, parentContextCount = 0, hitCount = 49, missCount = 1]
18:07:07.114 [Test worker] DEBUG org.springframework.test.context.support.AbstractDirtiesContextTestExecutionListener - After test method: context [DefaultTestContext@47b6ff69 testClass = TrackerServiceTest, testInstance = tourGuide.service.TrackerServiceTest@3804c5b6, testMethod = getUserLocation_empty_visitedLocation_case@TrackerServiceTest, testException = [null], mergedContextConfiguration = [MergedContextConfiguration@130c57db testClass = TrackerServiceTest, locations = '{}', classes = '{}', contextInitializerClasses = '[]', activeProfiles = '{}', propertySourceLocations = '{}', propertySourceProperties = '{}', contextCustomizers = set[org.springframework.boot.test.autoconfigure.properties.PropertyMappingContextCustomizer@0, org.springframework.boot.test.autoconfigure.web.servlet.WebDriverContextCustomizerFactory$Customizer@5d7a61b4, org.springframework.boot.test.context.filter.ExcludeFilterContextCustomizer@eff73f, org.springframework.boot.test.json.DuplicateJsonObjectContextCustomizerFactory$DuplicateJsonObjectContextCustomizer@33e9efa6, org.springframework.boot.test.mock.mockito.MockitoContextCustomizer@0], contextLoader = 'org.springframework.test.context.support.DelegatingSmartContextLoader', parent = [null]], attributes = map[[empty]]], class annotated with @DirtiesContext [false] with mode [null], method annotated with @DirtiesContext [false] with mode [null].
18:07:07.115 [Test worker] DEBUG org.springframework.test.annotation.ProfileValueUtils - Retrieved @ProfileValueSourceConfiguration [null] for test class [tourGuide.service.TrackerServiceTest]
18:07:07.115 [Test worker] DEBUG org.springframework.test.annotation.ProfileValueUtils - Retrieved ProfileValueSource type [class org.springframework.test.annotation.SystemProfileValueSource] for class [tourGuide.service.TrackerServiceTest]
18:07:07.116 [Test worker] DEBUG org.springframework.test.context.support.DependencyInjectionTestExecutionListener - Performing dependency injection for test context [[DefaultTestContext@47b6ff69 testClass = TrackerServiceTest, testInstance = tourGuide.service.TrackerServiceTest@502f9c80, testMethod = [null], testException = [null], mergedContextConfiguration = [MergedContextConfiguration@130c57db testClass = TrackerServiceTest, locations = '{}', classes = '{}', contextInitializerClasses = '[]', activeProfiles = '{}', propertySourceLocations = '{}', propertySourceProperties = '{}', contextCustomizers = set[org.springframework.boot.test.autoconfigure.properties.PropertyMappingContextCustomizer@0, org.springframework.boot.test.autoconfigure.web.servlet.WebDriverContextCustomizerFactory$Customizer@5d7a61b4, org.springframework.boot.test.context.filter.ExcludeFilterContextCustomizer@eff73f, org.springframework.boot.test.json.DuplicateJsonObjectContextCustomizerFactory$DuplicateJsonObjectContextCustomizer@33e9efa6, org.springframework.boot.test.mock.mockito.MockitoContextCustomizer@0], contextLoader = 'org.springframework.test.context.support.DelegatingSmartContextLoader', parent = [null]], attributes = map[[empty]]]].
18:07:07.117 [Test worker] DEBUG org.springframework.test.context.cache.DefaultCacheAwareContextLoaderDelegate - Retrieved ApplicationContext from cache with key [[MergedContextConfiguration@130c57db testClass = TrackerServiceTest, locations = '{}', classes = '{}', contextInitializerClasses = '[]', activeProfiles = '{}', propertySourceLocations = '{}', propertySourceProperties = '{}', contextCustomizers = set[org.springframework.boot.test.autoconfigure.properties.PropertyMappingContextCustomizer@0, org.springframework.boot.test.autoconfigure.web.servlet.WebDriverContextCustomizerFactory$Customizer@5d7a61b4, org.springframework.boot.test.context.filter.ExcludeFilterContextCustomizer@eff73f, org.springframework.boot.test.json.DuplicateJsonObjectContextCustomizerFactory$DuplicateJsonObjectContextCustomizer@33e9efa6, org.springframework.boot.test.mock.mockito.MockitoContextCustomizer@0], contextLoader = 'org.springframework.test.context.support.DelegatingSmartContextLoader', parent = [null]]]
18:07:07.117 [Test worker] DEBUG org.springframework.test.context.cache - Spring test ApplicationContext cache statistics: [DefaultContextCache@772adaca size = 1, maxSize = 32, parentContextCount = 0, hitCount = 50, missCount = 1]
18:07:07.118 [Test worker] DEBUG org.springframework.test.context.support.AbstractDirtiesContextTestExecutionListener - Before test method: context [DefaultTestContext@47b6ff69 testClass = TrackerServiceTest, testInstance = tourGuide.service.TrackerServiceTest@502f9c80, testMethod = getUserLocation_not_empty_visitedLocations_case@TrackerServiceTest, testException = [null], mergedContextConfiguration = [MergedContextConfiguration@130c57db testClass = TrackerServiceTest, locations = '{}', classes = '{}', contextInitializerClasses = '[]', activeProfiles = '{}', propertySourceLocations = '{}', propertySourceProperties = '{}', contextCustomizers = set[org.springframework.boot.test.autoconfigure.properties.PropertyMappingContextCustomizer@0, org.springframework.boot.test.autoconfigure.web.servlet.WebDriverContextCustomizerFactory$Customizer@5d7a61b4, org.springframework.boot.test.context.filter.ExcludeFilterContextCustomizer@eff73f, org.springframework.boot.test.json.DuplicateJsonObjectContextCustomizerFactory$DuplicateJsonObjectContextCustomizer@33e9efa6, org.springframework.boot.test.mock.mockito.MockitoContextCustomizer@0], contextLoader = 'org.springframework.test.context.support.DelegatingSmartContextLoader', parent = [null]], attributes = map[[empty]]], class annotated with @DirtiesContext [false] with mode [null], method annotated with @DirtiesContext [false] with mode [null].
18:07:07.120 [Test worker] DEBUG org.springframework.test.context.cache.DefaultCacheAwareContextLoaderDelegate - Retrieved ApplicationContext from cache with key [[MergedContextConfiguration@130c57db testClass = TrackerServiceTest, locations = '{}', classes = '{}', contextInitializerClasses = '[]', activeProfiles = '{}', propertySourceLocations = '{}', propertySourceProperties = '{}', contextCustomizers = set[org.springframework.boot.test.autoconfigure.properties.PropertyMappingContextCustomizer@0, org.springframework.boot.test.autoconfigure.web.servlet.WebDriverContextCustomizerFactory$Customizer@5d7a61b4, org.springframework.boot.test.context.filter.ExcludeFilterContextCustomizer@eff73f, org.springframework.boot.test.json.DuplicateJsonObjectContextCustomizerFactory$DuplicateJsonObjectContextCustomizer@33e9efa6, org.springframework.boot.test.mock.mockito.MockitoContextCustomizer@0], contextLoader = 'org.springframework.test.context.support.DelegatingSmartContextLoader', parent = [null]]]
18:07:07.121 [Test worker] DEBUG org.springframework.test.context.cache - Spring test ApplicationContext cache statistics: [DefaultContextCache@772adaca size = 1, maxSize = 32, parentContextCount = 0, hitCount = 51, missCount = 1]
18:07:07.122 [Test worker] DEBUG org.springframework.test.context.cache.DefaultCacheAwareContextLoaderDelegate - Retrieved ApplicationContext from cache with key [[MergedContextConfiguration@130c57db testClass = TrackerServiceTest, locations = '{}', classes = '{}', contextInitializerClasses = '[]', activeProfiles = '{}', propertySourceLocations = '{}', propertySourceProperties = '{}', contextCustomizers = set[org.springframework.boot.test.autoconfigure.properties.PropertyMappingContextCustomizer@0, org.springframework.boot.test.autoconfigure.web.servlet.WebDriverContextCustomizerFactory$Customizer@5d7a61b4, org.springframework.boot.test.context.filter.ExcludeFilterContextCustomizer@eff73f, org.springframework.boot.test.json.DuplicateJsonObjectContextCustomizerFactory$DuplicateJsonObjectContextCustomizer@33e9efa6, org.springframework.boot.test.mock.mockito.MockitoContextCustomizer@0], contextLoader = 'org.springframework.test.context.support.DelegatingSmartContextLoader', parent = [null]]]
18:07:07.123 [Test worker] DEBUG org.springframework.test.context.cache - Spring test ApplicationContext cache statistics: [DefaultContextCache@772adaca size = 1, maxSize = 32, parentContextCount = 0, hitCount = 52, missCount = 1]
18:07:07.123 [Test worker] DEBUG org.springframework.test.context.cache.DefaultCacheAwareContextLoaderDelegate - Retrieved ApplicationContext from cache with key [[MergedContextConfiguration@130c57db testClass = TrackerServiceTest, locations = '{}', classes = '{}', contextInitializerClasses = '[]', activeProfiles = '{}', propertySourceLocations = '{}', propertySourceProperties = '{}', contextCustomizers = set[org.springframework.boot.test.autoconfigure.properties.PropertyMappingContextCustomizer@0, org.springframework.boot.test.autoconfigure.web.servlet.WebDriverContextCustomizerFactory$Customizer@5d7a61b4, org.springframework.boot.test.context.filter.ExcludeFilterContextCustomizer@eff73f, org.springframework.boot.test.json.DuplicateJsonObjectContextCustomizerFactory$DuplicateJsonObjectContextCustomizer@33e9efa6, org.springframework.boot.test.mock.mockito.MockitoContextCustomizer@0], contextLoader = 'org.springframework.test.context.support.DelegatingSmartContextLoader', parent = [null]]]
18:07:07.123 [Test worker] DEBUG org.springframework.test.context.cache - Spring test ApplicationContext cache statistics: [DefaultContextCache@772adaca size = 1, maxSize = 32, parentContextCount = 0, hitCount = 53, missCount = 1]
18:07:07.124 [Test worker] DEBUG org.springframework.test.context.cache.DefaultCacheAwareContextLoaderDelegate - Retrieved ApplicationContext from cache with key [[MergedContextConfiguration@130c57db testClass = TrackerServiceTest, locations = '{}', classes = '{}', contextInitializerClasses = '[]', activeProfiles = '{}', propertySourceLocations = '{}', propertySourceProperties = '{}', contextCustomizers = set[org.springframework.boot.test.autoconfigure.properties.PropertyMappingContextCustomizer@0, org.springframework.boot.test.autoconfigure.web.servlet.WebDriverContextCustomizerFactory$Customizer@5d7a61b4, org.springframework.boot.test.context.filter.ExcludeFilterContextCustomizer@eff73f, org.springframework.boot.test.json.DuplicateJsonObjectContextCustomizerFactory$DuplicateJsonObjectContextCustomizer@33e9efa6, org.springframework.boot.test.mock.mockito.MockitoContextCustomizer@0], contextLoader = 'org.springframework.test.context.support.DelegatingSmartContextLoader', parent = [null]]]
18:07:07.124 [Test worker] DEBUG org.springframework.test.context.cache - Spring test ApplicationContext cache statistics: [DefaultContextCache@772adaca size = 1, maxSize = 32, parentContextCount = 0, hitCount = 54, missCount = 1]
18:07:07.125 [Test worker] DEBUG org.springframework.test.context.support.AbstractDirtiesContextTestExecutionListener - After test method: context [DefaultTestContext@47b6ff69 testClass = TrackerServiceTest, testInstance = tourGuide.service.TrackerServiceTest@502f9c80, testMethod = getUserLocation_not_empty_visitedLocations_case@TrackerServiceTest, testException = [null], mergedContextConfiguration = [MergedContextConfiguration@130c57db testClass = TrackerServiceTest, locations = '{}', classes = '{}', contextInitializerClasses = '[]', activeProfiles = '{}', propertySourceLocations = '{}', propertySourceProperties = '{}', contextCustomizers = set[org.springframework.boot.test.autoconfigure.properties.PropertyMappingContextCustomizer@0, org.springframework.boot.test.autoconfigure.web.servlet.WebDriverContextCustomizerFactory$Customizer@5d7a61b4, org.springframework.boot.test.context.filter.ExcludeFilterContextCustomizer@eff73f, org.springframework.boot.test.json.DuplicateJsonObjectContextCustomizerFactory$DuplicateJsonObjectContextCustomizer@33e9efa6, org.springframework.boot.test.mock.mockito.MockitoContextCustomizer@0], contextLoader = 'org.springframework.test.context.support.DelegatingSmartContextLoader', parent = [null]], attributes = map[[empty]]], class annotated with @DirtiesContext [false] with mode [null], method annotated with @DirtiesContext [false] with mode [null].
18:07:07.126 [Test worker] DEBUG org.springframework.test.annotation.ProfileValueUtils - Retrieved @ProfileValueSourceConfiguration [null] for test class [tourGuide.service.TrackerServiceTest]
18:07:07.128 [Test worker] DEBUG org.springframework.test.annotation.ProfileValueUtils - Retrieved ProfileValueSource type [class org.springframework.test.annotation.SystemProfileValueSource] for class [tourGuide.service.TrackerServiceTest]
18:07:07.135 [Test worker] DEBUG org.springframework.test.context.support.DependencyInjectionTestExecutionListener - Performing dependency injection for test context [[DefaultTestContext@47b6ff69 testClass = TrackerServiceTest, testInstance = tourGuide.service.TrackerServiceTest@74bf3813, testMethod = [null], testException = [null], mergedContextConfiguration = [MergedContextConfiguration@130c57db testClass = TrackerServiceTest, locations = '{}', classes = '{}', contextInitializerClasses = '[]', activeProfiles = '{}', propertySourceLocations = '{}', propertySourceProperties = '{}', contextCustomizers = set[org.springframework.boot.test.autoconfigure.properties.PropertyMappingContextCustomizer@0, org.springframework.boot.test.autoconfigure.web.servlet.WebDriverContextCustomizerFactory$Customizer@5d7a61b4, org.springframework.boot.test.context.filter.ExcludeFilterContextCustomizer@eff73f, org.springframework.boot.test.json.DuplicateJsonObjectContextCustomizerFactory$DuplicateJsonObjectContextCustomizer@33e9efa6, org.springframework.boot.test.mock.mockito.MockitoContextCustomizer@0], contextLoader = 'org.springframework.test.context.support.DelegatingSmartContextLoader', parent = [null]], attributes = map[[empty]]]].
18:07:07.137 [Test worker] DEBUG org.springframework.test.context.cache.DefaultCacheAwareContextLoaderDelegate - Retrieved ApplicationContext from cache with key [[MergedContextConfiguration@130c57db testClass = TrackerServiceTest, locations = '{}', classes = '{}', contextInitializerClasses = '[]', activeProfiles = '{}', propertySourceLocations = '{}', propertySourceProperties = '{}', contextCustomizers = set[org.springframework.boot.test.autoconfigure.properties.PropertyMappingContextCustomizer@0, org.springframework.boot.test.autoconfigure.web.servlet.WebDriverContextCustomizerFactory$Customizer@5d7a61b4, org.springframework.boot.test.context.filter.ExcludeFilterContextCustomizer@eff73f, org.springframework.boot.test.json.DuplicateJsonObjectContextCustomizerFactory$DuplicateJsonObjectContextCustomizer@33e9efa6, org.springframework.boot.test.mock.mockito.MockitoContextCustomizer@0], contextLoader = 'org.springframework.test.context.support.DelegatingSmartContextLoader', parent = [null]]]
18:07:07.137 [Test worker] DEBUG org.springframework.test.context.cache - Spring test ApplicationContext cache statistics: [DefaultContextCache@772adaca size = 1, maxSize = 32, parentContextCount = 0, hitCount = 55, missCount = 1]
18:07:07.138 [Test worker] DEBUG org.springframework.test.context.support.AbstractDirtiesContextTestExecutionListener - Before test method: context [DefaultTestContext@47b6ff69 testClass = TrackerServiceTest, testInstance = tourGuide.service.TrackerServiceTest@74bf3813, testMethod = should_trackUserLocation_ok@TrackerServiceTest, testException = [null], mergedContextConfiguration = [MergedContextConfiguration@130c57db testClass = TrackerServiceTest, locations = '{}', classes = '{}', contextInitializerClasses = '[]', activeProfiles = '{}', propertySourceLocations = '{}', propertySourceProperties = '{}', contextCustomizers = set[org.springframework.boot.test.autoconfigure.properties.PropertyMappingContextCustomizer@0, org.springframework.boot.test.autoconfigure.web.servlet.WebDriverContextCustomizerFactory$Customizer@5d7a61b4, org.springframework.boot.test.context.filter.ExcludeFilterContextCustomizer@eff73f, org.springframework.boot.test.json.DuplicateJsonObjectContextCustomizerFactory$DuplicateJsonObjectContextCustomizer@33e9efa6, org.springframework.boot.test.mock.mockito.MockitoContextCustomizer@0], contextLoader = 'org.springframework.test.context.support.DelegatingSmartContextLoader', parent = [null]], attributes = map[[empty]]], class annotated with @DirtiesContext [false] with mode [null], method annotated with @DirtiesContext [false] with mode [null].
18:07:07.140 [Test worker] DEBUG org.springframework.test.context.cache.DefaultCacheAwareContextLoaderDelegate - Retrieved ApplicationContext from cache with key [[MergedContextConfiguration@130c57db testClass = TrackerServiceTest, locations = '{}', classes = '{}', contextInitializerClasses = '[]', activeProfiles = '{}', propertySourceLocations = '{}', propertySourceProperties = '{}', contextCustomizers = set[org.springframework.boot.test.autoconfigure.properties.PropertyMappingContextCustomizer@0, org.springframework.boot.test.autoconfigure.web.servlet.WebDriverContextCustomizerFactory$Customizer@5d7a61b4, org.springframework.boot.test.context.filter.ExcludeFilterContextCustomizer@eff73f, org.springframework.boot.test.json.DuplicateJsonObjectContextCustomizerFactory$DuplicateJsonObjectContextCustomizer@33e9efa6, org.springframework.boot.test.mock.mockito.MockitoContextCustomizer@0], contextLoader = 'org.springframework.test.context.support.DelegatingSmartContextLoader', parent = [null]]]
18:07:07.141 [Test worker] DEBUG org.springframework.test.context.cache - Spring test ApplicationContext cache statistics: [DefaultContextCache@772adaca size = 1, maxSize = 32, parentContextCount = 0, hitCount = 56, missCount = 1]
18:07:07.151 [Test worker] DEBUG org.springframework.test.context.cache.DefaultCacheAwareContextLoaderDelegate - Retrieved ApplicationContext from cache with key [[MergedContextConfiguration@130c57db testClass = TrackerServiceTest, locations = '{}', classes = '{}', contextInitializerClasses = '[]', activeProfiles = '{}', propertySourceLocations = '{}', propertySourceProperties = '{}', contextCustomizers = set[org.springframework.boot.test.autoconfigure.properties.PropertyMappingContextCustomizer@0, org.springframework.boot.test.autoconfigure.web.servlet.WebDriverContextCustomizerFactory$Customizer@5d7a61b4, org.springframework.boot.test.context.filter.ExcludeFilterContextCustomizer@eff73f, org.springframework.boot.test.json.DuplicateJsonObjectContextCustomizerFactory$DuplicateJsonObjectContextCustomizer@33e9efa6, org.springframework.boot.test.mock.mockito.MockitoContextCustomizer@0], contextLoader = 'org.springframework.test.context.support.DelegatingSmartContextLoader', parent = [null]]]
18:07:07.151 [Test worker] DEBUG org.springframework.test.context.cache - Spring test ApplicationContext cache statistics: [DefaultContextCache@772adaca size = 1, maxSize = 32, parentContextCount = 0, hitCount = 57, missCount = 1]
18:07:07.152 [Test worker] DEBUG org.springframework.test.context.cache.DefaultCacheAwareContextLoaderDelegate - Retrieved ApplicationContext from cache with key [[MergedContextConfiguration@130c57db testClass = TrackerServiceTest, locations = '{}', classes = '{}', contextInitializerClasses = '[]', activeProfiles = '{}', propertySourceLocations = '{}', propertySourceProperties = '{}', contextCustomizers = set[org.springframework.boot.test.autoconfigure.properties.PropertyMappingContextCustomizer@0, org.springframework.boot.test.autoconfigure.web.servlet.WebDriverContextCustomizerFactory$Customizer@5d7a61b4, org.springframework.boot.test.context.filter.ExcludeFilterContextCustomizer@eff73f, org.springframework.boot.test.json.DuplicateJsonObjectContextCustomizerFactory$DuplicateJsonObjectContextCustomizer@33e9efa6, org.springframework.boot.test.mock.mockito.MockitoContextCustomizer@0], contextLoader = 'org.springframework.test.context.support.DelegatingSmartContextLoader', parent = [null]]]
18:07:07.152 [Test worker] DEBUG org.springframework.test.context.cache - Spring test ApplicationContext cache statistics: [DefaultContextCache@772adaca size = 1, maxSize = 32, parentContextCount = 0, hitCount = 58, missCount = 1]
18:07:07.154 [Test worker] DEBUG org.springframework.test.context.cache.DefaultCacheAwareContextLoaderDelegate - Retrieved ApplicationContext from cache with key [[MergedContextConfiguration@130c57db testClass = TrackerServiceTest, locations = '{}', classes = '{}', contextInitializerClasses = '[]', activeProfiles = '{}', propertySourceLocations = '{}', propertySourceProperties = '{}', contextCustomizers = set[org.springframework.boot.test.autoconfigure.properties.PropertyMappingContextCustomizer@0, org.springframework.boot.test.autoconfigure.web.servlet.WebDriverContextCustomizerFactory$Customizer@5d7a61b4, org.springframework.boot.test.context.filter.ExcludeFilterContextCustomizer@eff73f, org.springframework.boot.test.json.DuplicateJsonObjectContextCustomizerFactory$DuplicateJsonObjectContextCustomizer@33e9efa6, org.springframework.boot.test.mock.mockito.MockitoContextCustomizer@0], contextLoader = 'org.springframework.test.context.support.DelegatingSmartContextLoader', parent = [null]]]
18:07:07.154 [Test worker] DEBUG org.springframework.test.context.cache - Spring test ApplicationContext cache statistics: [DefaultContextCache@772adaca size = 1, maxSize = 32, parentContextCount = 0, hitCount = 59, missCount = 1]
18:07:07.156 [Test worker] DEBUG org.springframework.test.context.support.AbstractDirtiesContextTestExecutionListener - After test method: context [DefaultTestContext@47b6ff69 testClass = TrackerServiceTest, testInstance = tourGuide.service.TrackerServiceTest@74bf3813, testMethod = should_trackUserLocation_ok@TrackerServiceTest, testException = [null], mergedContextConfiguration = [MergedContextConfiguration@130c57db testClass = TrackerServiceTest, locations = '{}', classes = '{}', contextInitializerClasses = '[]', activeProfiles = '{}', propertySourceLocations = '{}', propertySourceProperties = '{}', contextCustomizers = set[org.springframework.boot.test.autoconfigure.properties.PropertyMappingContextCustomizer@0, org.springframework.boot.test.autoconfigure.web.servlet.WebDriverContextCustomizerFactory$Customizer@5d7a61b4, org.springframework.boot.test.context.filter.ExcludeFilterContextCustomizer@eff73f, org.springframework.boot.test.json.DuplicateJsonObjectContextCustomizerFactory$DuplicateJsonObjectContextCustomizer@33e9efa6, org.springframework.boot.test.mock.mockito.MockitoContextCustomizer@0], contextLoader = 'org.springframework.test.context.support.DelegatingSmartContextLoader', parent = [null]], attributes = map[[empty]]], class annotated with @DirtiesContext [false] with mode [null], method annotated with @DirtiesContext [false] with mode [null].
18:07:07.157 [Test worker] DEBUG org.springframework.test.context.support.AbstractDirtiesContextTestExecutionListener - After test class: context [DefaultTestContext@47b6ff69 testClass = TrackerServiceTest, testInstance = [null], testMethod = [null], testException = [null], mergedContextConfiguration = [MergedContextConfiguration@130c57db testClass = TrackerServiceTest, locations = '{}', classes = '{}', contextInitializerClasses = '[]', activeProfiles = '{}', propertySourceLocations = '{}', propertySourceProperties = '{}', contextCustomizers = set[org.springframework.boot.test.autoconfigure.properties.PropertyMappingContextCustomizer@0, org.springframework.boot.test.autoconfigure.web.servlet.WebDriverContextCustomizerFactory$Customizer@5d7a61b4, org.springframework.boot.test.context.filter.ExcludeFilterContextCustomizer@eff73f, org.springframework.boot.test.json.DuplicateJsonObjectContextCustomizerFactory$DuplicateJsonObjectContextCustomizer@33e9efa6, org.springframework.boot.test.mock.mockito.MockitoContextCustomizer@0], contextLoader = 'org.springframework.test.context.support.DelegatingSmartContextLoader', parent = [null]], attributes = map[[empty]]], class annotated with @DirtiesContext [false] with mode [null].
]]></system-out>
  <system-err><![CDATA[]]></system-err>
</testsuite>
