<?xml version="1.0" encoding="UTF-8"?>
<testsuite name="tourGuide.service.InternalUserServiceTest" tests="5" skipped="0" failures="0" errors="0" timestamp="2022-02-08T17:07:03" hostname="L1906741" time="0.405">
  <properties/>
  <testcase name="addUser_already_exists_ok" classname="tourGuide.service.InternalUserServiceTest" time="0.042"/>
  <testcase name="getAllUsers_ok" classname="tourGuide.service.InternalUserServiceTest" time="0.009"/>
  <testcase name="addUser_create_ok" classname="tourGuide.service.InternalUserServiceTest" time="0.008"/>
  <testcase name="should_return_a_user" classname="tourGuide.service.InternalUserServiceTest" time="0.003"/>
  <testcase name="should_throw_UserNotFoundException" classname="tourGuide.service.InternalUserServiceTest" time="0.329"/>
  <system-out><![CDATA[18:07:03.772 [Test worker] INFO tourGuide.data.InternalDataHelper - Initializing users
18:07:03.775 [Test worker] DEBUG tourGuide.data.InternalDataHelper - Created 10 internal test users.
18:07:03.778 [Test worker] DEBUG tourGuide.data.InternalDataHelper - Finished initializing users
18:07:03.810 [Test worker] INFO tourGuide.service.InternalUserService - User 0be91d6b-fe9d-455f-9e8b-add363910c83 added
18:07:03.812 [Test worker] WARN tourGuide.service.InternalUserService - User 0be91d6b-fe9d-455f-9e8b-add363910c83 already exists
18:07:03.823 [Test worker] INFO tourGuide.data.InternalDataHelper - Initializing users
18:07:03.830 [Test worker] DEBUG tourGuide.data.InternalDataHelper - Created 10 internal test users.
18:07:03.830 [Test worker] DEBUG tourGuide.data.InternalDataHelper - Finished initializing users
18:07:03.831 [Test worker] INFO tourGuide.service.InternalUserService - User a7088b35-8e66-4b98-ba66-07ab538a85d6 added
18:07:03.831 [Test worker] INFO tourGuide.service.InternalUserService - User cd1a9a2b-5156-4ea2-9cf2-1cb09d29d87a added
18:07:03.833 [Test worker] INFO tourGuide.data.InternalDataHelper - Initializing users
18:07:03.837 [Test worker] DEBUG tourGuide.data.InternalDataHelper - Created 10 internal test users.
18:07:03.838 [Test worker] DEBUG tourGuide.data.InternalDataHelper - Finished initializing users
18:07:03.839 [Test worker] INFO tourGuide.service.InternalUserService - User e532252f-7367-445e-a1ce-0570e421fcdf added
18:07:03.840 [Test worker] INFO tourGuide.service.InternalUserService - User 75c1b0a8-493d-4ddc-9915-7af577058f7b added
18:07:03.843 [Test worker] INFO tourGuide.data.InternalDataHelper - Initializing users
18:07:03.846 [Test worker] DEBUG tourGuide.data.InternalDataHelper - Created 10 internal test users.
18:07:03.846 [Test worker] DEBUG tourGuide.data.InternalDataHelper - Finished initializing users
18:07:03.846 [Test worker] INFO tourGuide.service.InternalUserService - User found
18:07:03.848 [Test worker] INFO tourGuide.data.InternalDataHelper - Initializing users
18:07:03.849 [Test worker] DEBUG tourGuide.data.InternalDataHelper - Created 10 internal test users.
18:07:03.850 [Test worker] DEBUG tourGuide.data.InternalDataHelper - Finished initializing users
18:07:04.093 [Test worker] ERROR tourGuide.service.InternalUserService - User not found
]]></system-out>
  <system-err><![CDATA[]]></system-err>
</testsuite>
